# JRE version: OpenJDK Runtime Environment (11.0.8+10) (build 11.0.8+10-b944.6842174)
# Java VM: OpenJDK 64-Bit Server VM (11.0.8+10-b944.6842174, mixed mode, tiered, compressed oops, g1 gc, windows-amd64)
Heap:
 garbage-first heap   total 131072K, used 81252K [0x0000000080000000, 0x0000000100000000)
  region size 1024K, 33 young (33792K), 7 survivors (7168K)
 Metaspace       used 68718K, capacity 70255K, committed 70436K, reserved 1110016K
  class space    used 8917K, capacity 9461K, committed 9472K, reserved 1048576K
GC Heap History (20 events):
Event: 3.939 GC heap before
{Heap before GC invocations=2 (full 0):
 garbage-first heap   total 131072K, used 26831K [0x0000000080000000, 0x0000000100000000)
  region size 1024K, 22 young (22528K), 10 survivors (10240K)
 Metaspace       used 20630K, capacity 21140K, committed 21296K, reserved 1069056K
  class space    used 2527K, capacity 2682K, committed 2688K, reserved 1048576K
}
Event: 3.948 GC heap after
{Heap after GC invocations=3 (full 0):
 garbage-first heap   total 131072K, used 16664K [0x0000000080000000, 0x0000000100000000)
  region size 1024K, 1 young (1024K), 1 survivors (1024K)
 Metaspace       used 20630K, capacity 21140K, committed 21296K, reserved 1069056K
  class space    used 2527K, capacity 2682K, committed 2688K, reserved 1048576K
}
Event: 4.730 GC heap before
{Heap before GC invocations=4 (full 0):
 garbage-first heap   total 131072K, used 68888K [0x0000000080000000, 0x0000000100000000)
  region size 1024K, 52 young (53248K), 1 survivors (1024K)
 Metaspace       used 26484K, capacity 27122K, committed 27184K, reserved 1073152K
  class space    used 3467K, capacity 3700K, committed 3712K, reserved 1048576K
}
Event: 4.735 GC heap after
{Heap after GC invocations=5 (full 0):
 garbage-first heap   total 131072K, used 18275K [0x0000000080000000, 0x0000000100000000)
  region size 1024K, 3 young (3072K), 3 survivors (3072K)
 Metaspace       used 26484K, capacity 27122K, committed 27184K, reserved 1073152K
  class space    used 3467K, capacity 3700K, committed 3712K, reserved 1048576K
}
Event: 5.827 GC heap before
{Heap before GC invocations=5 (full 0):
 garbage-first heap   total 131072K, used 63331K [0x0000000080000000, 0x0000000100000000)
  region size 1024K, 49 young (50176K), 3 survivors (3072K)
 Metaspace       used 34960K, capacity 35674K, committed 35708K, reserved 1081344K
  class space    used 4544K, capacity 4851K, committed 4864K, reserved 1048576K
}
Event: 5.835 GC heap after
{Heap after GC invocations=6 (full 0):
 garbage-first heap   total 131072K, used 21359K [0x0000000080000000, 0x0000000100000000)
  region size 1024K, 6 young (6144K), 6 survivors (6144K)
 Metaspace       used 34960K, capacity 35674K, committed 35708K, reserved 1081344K
  class space    used 4544K, capacity 4851K, committed 4864K, reserved 1048576K
}
Event: 6.517 GC heap before
{Heap before GC invocations=7 (full 0):
 garbage-first heap   total 131072K, used 83823K [0x0000000080000000, 0x0000000100000000)
  region size 1024K, 64 young (65536K), 6 survivors (6144K)
 Metaspace       used 40776K, capacity 41683K, committed 41724K, reserved 1085440K
  class space    used 5206K, capacity 5503K, committed 5504K, reserved 1048576K
}
Event: 6.527 GC heap after
{Heap after GC invocations=8 (full 0):
 garbage-first heap   total 131072K, used 25037K [0x0000000080000000, 0x0000000100000000)
  region size 1024K, 7 young (7168K), 7 survivors (7168K)
 Metaspace       used 40776K, capacity 41683K, committed 41724K, reserved 1085440K
  class space    used 5206K, capacity 5503K, committed 5504K, reserved 1048576K
}
Event: 7.293 GC heap before
{Heap before GC invocations=8 (full 0):
 garbage-first heap   total 131072K, used 86477K [0x0000000080000000, 0x0000000100000000)
  region size 1024K, 67 young (68608K), 7 survivors (7168K)
 Metaspace       used 44391K, capacity 45390K, committed 45692K, reserved 1089536K
  class space    used 5683K, capacity 6061K, committed 6144K, reserved 1048576K
}
Event: 7.301 GC heap after
{Heap after GC invocations=9 (full 0):
 garbage-first heap   total 131072K, used 29122K [0x0000000080000000, 0x0000000100000000)
  region size 1024K, 8 young (8192K), 8 survivors (8192K)
 Metaspace       used 44391K, capacity 45390K, committed 45692K, reserved 1089536K
  class space    used 5683K, capacity 6061K, committed 6144K, reserved 1048576K
}
Event: 8.156 GC heap before
{Heap before GC invocations=9 (full 0):
 garbage-first heap   total 131072K, used 96706K [0x0000000080000000, 0x0000000100000000)
  region size 1024K, 68 young (69632K), 8 survivors (8192K)
 Metaspace       used 49631K, capacity 50850K, committed 50940K, reserved 1093632K
  class space    used 6307K, capacity 6711K, committed 6784K, reserved 1048576K
}
Event: 8.167 GC heap after
{Heap after GC invocations=10 (full 0):
 garbage-first heap   total 131072K, used 43406K [0x0000000080000000, 0x0000000100000000)
  region size 1024K, 9 young (9216K), 9 survivors (9216K)
 Metaspace       used 49631K, capacity 50850K, committed 50940K, reserved 1093632K
  class space    used 6307K, capacity 6711K, committed 6784K, reserved 1048576K
}
Event: 8.876 GC heap before
{Heap before GC invocations=10 (full 0):
 garbage-first heap   total 131072K, used 93582K [0x0000000080000000, 0x0000000100000000)
  region size 1024K, 59 young (60416K), 9 survivors (9216K)
 Metaspace       used 56452K, capacity 57842K, committed 57980K, reserved 1099776K
  class space    used 7170K, capacity 7651K, committed 7680K, reserved 1048576K
}
Event: 8.885 GC heap after
{Heap after GC invocations=11 (full 0):
 garbage-first heap   total 131072K, used 47702K [0x0000000080000000, 0x0000000100000000)
  region size 1024K, 4 young (4096K), 4 survivors (4096K)
 Metaspace       used 56452K, capacity 57842K, committed 57980K, reserved 1099776K
  class space    used 7170K, capacity 7651K, committed 7680K, reserved 1048576K
}
Event: 9.117 GC heap before
{Heap before GC invocations=11 (full 0):
 garbage-first heap   total 131072K, used 65110K [0x0000000080000000, 0x0000000100000000)
  region size 1024K, 22 young (22528K), 4 survivors (4096K)
 Metaspace       used 58396K, capacity 59803K, committed 59940K, reserved 1101824K
  class space    used 7400K, capacity 7891K, committed 7936K, reserved 1048576K
}
Event: 9.124 GC heap after
{Heap after GC invocations=12 (full 0):
 garbage-first heap   total 131072K, used 48804K [0x0000000080000000, 0x0000000100000000)
  region size 1024K, 5 young (5120K), 5 survivors (5120K)
 Metaspace       used 58396K, capacity 59803K, committed 59940K, reserved 1101824K
  class space    used 7400K, capacity 7891K, committed 7936K, reserved 1048576K
}
Event: 9.669 GC heap before
{Heap before GC invocations=13 (full 0):
 garbage-first heap   total 131072K, used 94884K [0x0000000080000000, 0x0000000100000000)
  region size 1024K, 50 young (51200K), 5 survivors (5120K)
 Metaspace       used 61486K, capacity 62998K, committed 63140K, reserved 1103872K
  class space    used 7782K, capacity 8288K, committed 8320K, reserved 1048576K
}
Event: 9.677 GC heap after
{Heap after GC invocations=14 (full 0):
 garbage-first heap   total 131072K, used 52344K [0x0000000080000000, 0x0000000100000000)
  region size 1024K, 5 young (5120K), 5 survivors (5120K)
 Metaspace       used 61486K, capacity 62998K, committed 63140K, reserved 1103872K
  class space    used 7782K, capacity 8288K, committed 8320K, reserved 1048576K
}
Event: 10.332 GC heap before
{Heap before GC invocations=14 (full 0):
 garbage-first heap   total 131072K, used 97400K [0x0000000080000000, 0x0000000100000000)
  region size 1024K, 49 young (50176K), 5 survivors (5120K)
 Metaspace       used 66349K, capacity 67794K, committed 68004K, reserved 1107968K
  class space    used 8575K, capacity 9073K, committed 9088K, reserved 1048576K
}
Event: 10.341 GC heap after
{Heap after GC invocations=15 (full 0):
 garbage-first heap   total 131072K, used 55652K [0x0000000080000000, 0x0000000100000000)
  region size 1024K, 7 young (7168K), 7 survivors (7168K)
 Metaspace       used 66349K, capacity 67794K, committed 68004K, reserved 1107968K
  class space    used 8575K, capacity 9073K, committed 9088K, reserved 1048576K
}

